#
# There is insufficient memory for the Java Runtime Environment to continue.
# Native memory allocation (mmap) failed to map 260046848 bytes for Failed to commit area from 0x0000000709200000 to 0x0000000718a00000 of length 260046848.
# Possible reasons:
#   The system is out of physical RAM or swap space
#   The process is running with CompressedOops enabled, and the Java Heap may be blocking the growth of the native heap
# Possible solutions:
#   Reduce memory load on the system
#   Increase physical memory or swap space
#   Check if swap backing store is full
#   Decrease Java heap size (-Xmx/-Xms)
#   Decrease number of Java threads
#   Decrease Java thread stack sizes (-Xss)
#   Set larger code cache with -XX:ReservedCodeCacheSize=
# This output file may be truncated or incomplete.
#
#  Out of Memory Error (src/hotspot/os/windows/os_windows.cpp:3627), pid=22680, tid=27076
#
# JRE version:  (11.0.15+10) (build )
# Java VM: OpenJDK 64-Bit Server VM (11.0.15+10-b2043.56, mixed mode, sharing, tiered, compressed oops, g1 gc, windows-amd64)
# No core dump will be written. Minidumps are not enabled by default on client versions of Windows
#

---------------  S U M M A R Y ------------

Command Line: git4idea.http.GitAskPassApp Username for 'https://github.com': 

Host: Intel(R) Core(TM) i7-6600U CPU @ 2.60GHz, 4 cores, 15G,  Windows 10 , 64 bit Build 19041 (10.0.19041.1566)
Time: Sat Aug 12 20:06:08 2023 Central Europe Daylight Time elapsed time: 0.042462 seconds (0d 0h 0m 0s)

---------------  T H R E A D  ---------------

Current thread (0x000001a2543ba800):  JavaThread "Unknown thread" [_thread_in_vm, id=27076, stack(0x0000001264a00000,0x0000001264b00000)]

Stack: [0x0000001264a00000,0x0000001264b00000]
Native frames: (J=compiled Java code, j=interpreted, Vv=VM code, C=native code)
V  [jvm.dll+0x61612a]
V  [jvm.dll+0x79c450]
V  [jvm.dll+0x79da6d]
V  [jvm.dll+0x79e143]
V  [jvm.dll+0x24cc18]
V  [jvm.dll+0x613174]
V  [jvm.dll+0x607e55]
V  [jvm.dll+0x30b1cb]
V  [jvm.dll+0x30b13a]
V  [jvm.dll+0x30b012]
V  [jvm.dll+0x30ff76]
V  [jvm.dll+0x35b4c3]
V  [jvm.dll+0x35bbc6]
V  [jvm.dll+0x35b5c3]
V  [jvm.dll+0x2e5918]
V  [jvm.dll+0x2e6ab7]
V  [jvm.dll+0x7794f7]
V  [jvm.dll+0x77acec]
V  [jvm.dll+0x368a59]
V  [jvm.dll+0x75ce8e]
V  [jvm.dll+0x3d6a33]
V  [jvm.dll+0x3d9001]
C  [jli.dll+0x536b]
C  [ucrtbase.dll+0x21bb2]
C  [KERNEL32.DLL+0x17034]
C  [ntdll.dll+0x52651]


---------------  P R O C E S S  ---------------

Threads class SMR info:
_java_thread_list=0x000001a2542b2910, length=0, elements={
}

Java Threads: ( => current thread )

Other Threads:
  0x000001a2543d0000 GCTaskThread "GC Thread#0" [stack: 0x0000001264b00000,0x0000001264c00000] [id=28608]
  0x000001a254428000 ConcurrentGCThread "G1 Main Marker" [stack: 0x0000001264c00000,0x0000001264d00000] [id=20888]
  0x000001a25442a800 ConcurrentGCThread "G1 Conc#0" [stack: 0x0000001264d00000,0x0000001264e00000] [id=27744]

[error occurred during error reporting (printing all threads), id 0xc0000005, EXCEPTION_ACCESS_VIOLATION (0xc0000005) at pc=0x00007ff817616017]

VM state:not at safepoint (not fully initialized)

VM Mutex/Monitor currently owned by a thread:  ([mutex/lock_event])
[0x000001a2543b65c0] Heap_lock - owner thread: 0x000001a2543ba800

Heap address: 0x0000000709200000, size: 3950 MB, Compressed Oops mode: Non-zero based: 0x0000000709200000
Narrow klass base: 0x0000000000000000, Narrow klass shift: 0

GC Heap History (0 events):
No events

Deoptimization events (0 events):
No events

Classes redefined (0 events):
No events

Internal exceptions (0 events):
No events

Events (1 events):
Event: 0.021 Loaded shared library D:\Program Files\JetBrains\IntelliJ IDEA 2022.1.2\jbr\bin\zip.dll


Dynamic libraries:
0x00007ff7cf2c0000 - 0x00007ff7cf2ca000 	D:\Program Files\JetBrains\IntelliJ IDEA 2022.1.2\jbr\bin\java.exe
0x00007ff888950000 - 0x00007ff888b45000 	C:\Windows\SYSTEM32\ntdll.dll
0x00007ff86a380000 - 0x00007ff86a399000 	C:\Program Files\Avast Software\Avast\aswhook.dll
0x00007ff887580000 - 0x00007ff88763e000 	C:\Windows\System32\KERNEL32.DLL
0x00007ff8864f0000 - 0x00007ff8867b8000 	C:\Windows\System32\KERNELBASE.dll
0x00007ff886310000 - 0x00007ff886410000 	C:\Windows\System32\ucrtbase.dll
0x00007ff851870000 - 0x00007ff851889000 	D:\Program Files\JetBrains\IntelliJ IDEA 2022.1.2\jbr\bin\jli.dll
0x00007ff854ae0000 - 0x00007ff854af6000 	D:\Program Files\JetBrains\IntelliJ IDEA 2022.1.2\jbr\bin\VCRUNTIME140.dll
0x00007ff887670000 - 0x00007ff887810000 	C:\Windows\System32\USER32.dll
0x00007ff8731b0000 - 0x00007ff87344a000 	C:\Windows\WinSxS\amd64_microsoft.windows.common-controls_6595b64144ccf1df_6.0.19041.1110_none_60b5254171f9507e\COMCTL32.dll
0x00007ff8879b0000 - 0x00007ff887a4e000 	C:\Windows\System32\msvcrt.dll
0x00007ff8862e0000 - 0x00007ff886302000 	C:\Windows\System32\win32u.dll
0x00007ff887550000 - 0x00007ff88757a000 	C:\Windows\System32\GDI32.dll
0x00007ff886180000 - 0x00007ff88628b000 	C:\Windows\System32\gdi32full.dll
0x00007ff8860e0000 - 0x00007ff88617d000 	C:\Windows\System32\msvcp_win.dll
0x00007ff887520000 - 0x00007ff887550000 	C:\Windows\System32\IMM32.DLL
0x00007ff837ae0000 - 0x00007ff837b8a000 	D:\Program Files\JetBrains\IntelliJ IDEA 2022.1.2\jbr\bin\msvcp140.dll
0x00007ff817320000 - 0x00007ff817e9b000 	D:\Program Files\JetBrains\IntelliJ IDEA 2022.1.2\jbr\bin\server\jvm.dll
0x00007ff887fe0000 - 0x00007ff88808e000 	C:\Windows\System32\ADVAPI32.dll
0x00007ff886f70000 - 0x00007ff88700c000 	C:\Windows\System32\sechost.dll
0x00007ff887b20000 - 0x00007ff887c45000 	C:\Windows\System32\RPCRT4.dll
0x00007ff887cb0000 - 0x00007ff887cb8000 	C:\Windows\System32\PSAPI.DLL
0x00007ff870ed0000 - 0x00007ff870ed9000 	C:\Windows\SYSTEM32\WSOCK32.dll
0x00007ff86ff50000 - 0x00007ff86ff77000 	C:\Windows\SYSTEM32\WINMM.dll
0x00007ff887f70000 - 0x00007ff887fdb000 	C:\Windows\System32\WS2_32.dll
0x00007ff87cc20000 - 0x00007ff87cc2a000 	C:\Windows\SYSTEM32\VERSION.dll
0x00007ff883f50000 - 0x00007ff883f62000 	C:\Windows\SYSTEM32\kernel.appcore.dll
0x00007ff8687d0000 - 0x00007ff8687e1000 	D:\Program Files\JetBrains\IntelliJ IDEA 2022.1.2\jbr\bin\verify.dll
0x00007ff877520000 - 0x00007ff877704000 	C:\Windows\SYSTEM32\DBGHELP.DLL
0x00007ff8773f0000 - 0x00007ff87741c000 	C:\Windows\SYSTEM32\dbgcore.DLL
0x00007ff8867c0000 - 0x00007ff886842000 	C:\Windows\System32\bcryptPrimitives.dll
0x00007ff857840000 - 0x00007ff857869000 	D:\Program Files\JetBrains\IntelliJ IDEA 2022.1.2\jbr\bin\java.dll
0x00007ff87df80000 - 0x00007ff87df8b000 	D:\Program Files\JetBrains\IntelliJ IDEA 2022.1.2\jbr\bin\jimage.dll
0x00007ff868490000 - 0x00007ff8684a9000 	D:\Program Files\JetBrains\IntelliJ IDEA 2022.1.2\jbr\bin\zip.dll

dbghelp: loaded successfully - version: 4.0.5 - missing functions: none
symbol engine: initialized successfully - sym options: 0x614 - pdb path: .;D:\Program Files\JetBrains\IntelliJ IDEA 2022.1.2\jbr\bin;C:\Windows\SYSTEM32;C:\Program Files\Avast Software\Avast;C:\Windows\WinSxS\amd64_microsoft.windows.common-controls_6595b64144ccf1df_6.0.19041.1110_none_60b5254171f9507e;D:\Program Files\JetBrains\IntelliJ IDEA 2022.1.2\jbr\bin\server

VM Arguments:
java_command: git4idea.http.GitAskPassApp Username for 'https://github.com': 
java_class_path (initial): D:/Program Files/JetBrains/IntelliJ IDEA 2022.1.2/plugins/git4idea/lib/git4idea-rt.jar;D:/Program Files/JetBrains/IntelliJ IDEA 2022.1.2/lib/externalProcess-rt.jar;D:/Program Files/JetBrains/IntelliJ IDEA 2022.1.2/lib/app.jar;D:/Program Files/JetBrains/IntelliJ IDEA 2022.1.2/lib/3rd-party-rt.jar
Launcher Type: SUN_STANDARD

[Global flags]
     intx CICompilerCount                          = 3                                         {product} {ergonomic}
     uint ConcGCThreads                            = 1                                         {product} {ergonomic}
     uint G1ConcRefinementThreads                  = 4                                         {product} {ergonomic}
   size_t G1HeapRegionSize                         = 1048576                                   {product} {ergonomic}
    uintx GCDrainStackTargetSize                   = 64                                        {product} {ergonomic}
   size_t InitialHeapSize                          = 260046848                                 {product} {ergonomic}
   size_t MarkStackSize                            = 4194304                                   {product} {ergonomic}
   size_t MaxHeapSize                              = 4141875200                                {product} {ergonomic}
   size_t MinHeapDeltaBytes                        = 1048576                                   {product} {ergonomic}
    uintx NonNMethodCodeHeapSize                   = 5830732                                {pd product} {ergonomic}
    uintx NonProfiledCodeHeapSize                  = 122913754                              {pd product} {ergonomic}
    uintx ProfiledCodeHeapSize                     = 122913754                              {pd product} {ergonomic}
    uintx ReservedCodeCacheSize                    = 251658240                              {pd product} {ergonomic}
     bool SegmentedCodeCache                       = true                                      {product} {ergonomic}
     bool UseCompressedClassPointers               = true                                 {lp64_product} {ergonomic}
     bool UseCompressedOops                        = true                                 {lp64_product} {ergonomic}
     bool UseG1GC                                  = true                                      {product} {ergonomic}
     bool UseLargePagesIndividualAllocation        = false                                  {pd product} {ergonomic}

Logging:
Log output configuration:
 #0: stdout all=warning uptime,level,tags
 #1: stderr all=off uptime,level,tags

Environment Variables:
PATH=D:\Program Files\Git\mingw64\libexec\git-core;D:\Program Files\Git\mingw64\libexec\git-core;D:\Program Files\Git\mingw64\bin;D:\Program Files\Git\usr\bin;C:\Users\Korisnik\bin;C:\Program Files (x86)\Common Files\Oracle\Java\javapath;C:\Program Files\Common Files\Oracle\Java\javapath;C:\Windows\system32;C:\Windows;C:\Windows\System32\Wbem;C:\Windows\System32\WindowsPowerShell\v1.0;C:\Windows\System32\OpenSSH;D:\Program Files\Git\cmd;D:\Program Files\nodejs;C:\Windows\protoc-21.1-win64\bin;C:\Program Files (x86)\Common Files\Apple\Internet Services;C:\Program Files\Go\bin;C:\Users\Korisnik\Downloads\jq.exe;C:\Users\Korisnik\AppData\Local\Programs\Python\Python310\Scripts;C:\Users\Korisnik\AppData\Local\Programs\Python\Python310;D:\Users\Korisnik\anaconda3;D:\Users\Korisnik\anaconda3\Library\mingw-w64\bin;D:\Users\Korisnik\anaconda3\Library\usr\bin;D:\Users\Korisnik\anaconda3\Library\bin;D:\Users\Korisnik\anaconda3\Scripts;C:\Users\Korisnik\AppData\Local\Microsoft\WindowsApps;C:\Users\Korisnik\AppData\Local\GitHubDesktop\bin;C:\Users\Korisnik\AppData\Local\Programs\Microsoft VS Code\bin;C:\Program Files\JetBrains\GoLand 2023.1\bin;C:\Users\Korisnik\AppData\Roaming\npm;D:\Program Files\JetBrains\IntelliJ IDEA 2022.1.2\bin;C:\Users\Korisnik\go\bin;C:\Users\Korisnik\Desktop\protoc\bin
USERNAME=Korisnik
DISPLAY=:0.0
LC_ALL=en_US.UTF-8
OS=Windows_NT
PROCESSOR_IDENTIFIER=Intel64 Family 6 Model 78 Stepping 3, GenuineIntel



---------------  S Y S T E M  ---------------

OS: Windows 10 , 64 bit Build 19041 (10.0.19041.1566)
OS uptime: 10 days 3:37 hours
Hyper-V role detected

CPU:total 4 (initial active 4) (2 cores per cpu, 2 threads per core) family 6 model 78 stepping 3 microcode 0xcc, cmov, cx8, fxsr, mmx, sse, sse2, sse3, ssse3, sse4.1, sse4.2, popcnt, avx, avx2, aes, clmul, erms, rtm, 3dnowpref, lzcnt, ht, tsc, tscinvbit, bmi1, bmi2, adx, fma

Memory: 4k page, system-wide physical 15795M (3965M free)
TotalPageFile size 20940M (AvailPageFile size 199M)
current process WorkingSet (physical memory assigned to process): 10M, peak: 10M
current process commit charge ("private bytes"): 52M, peak: 300M

vm_info: OpenJDK 64-Bit Server VM (11.0.15+10-b2043.56) for windows-amd64 JRE (11.0.15+10-b2043.56), built on May 16 2022 02:28:12 by "" with MS VC++ 14.0 (VS2015)

END.
